[debug] [2021-07-05T01:32:44.077Z] ----------------------------------------------------------------------
[debug] [2021-07-05T01:32:44.081Z] Command:       C:\Program Files\nodejs\node.exe C:\Users\SourcesNet\AppData\Roaming\npm\node_modules\firebase-tools\lib\bin\firebase.js deploy
[debug] [2021-07-05T01:32:44.081Z] CLI Version:   9.14.0
[debug] [2021-07-05T01:32:44.081Z] Platform:      win32
[debug] [2021-07-05T01:32:44.081Z] Node Version:  v12.18.0
[debug] [2021-07-05T01:32:44.083Z] Time:          Mon Jul 05 2021 03:32:44 GMT+0200 (GMT+02:00)
[debug] [2021-07-05T01:32:44.083Z] ----------------------------------------------------------------------
[debug] 
[debug] [2021-07-05T01:32:44.096Z] > command requires scopes: ["email","openid","https://www.googleapis.com/auth/cloudplatformprojects.readonly","https://www.googleapis.com/auth/firebase","https://www.googleapis.com/auth/cloud-platform"]
[debug] [2021-07-05T01:32:44.097Z] > authorizing via signed-in user (moatazemad772@gmail.com)
[debug] [2021-07-05T01:32:44.097Z] [iam] checking project linkedin-clone-9e284 for permissions ["firebase.projects.get","firebasehosting.sites.update"]
[debug] [2021-07-05T01:32:44.101Z] > refreshing access token with scopes: ["email","https://www.googleapis.com/auth/cloud-platform","https://www.googleapis.com/auth/cloudplatformprojects.readonly","https://www.googleapis.com/auth/firebase","openid"]
[debug] [2021-07-05T01:32:44.101Z] >>> HTTP REQUEST POST https://www.googleapis.com/oauth2/v3/token  
 <request body omitted>
[debug] [2021-07-05T01:32:44.333Z] <<< HTTP RESPONSE 200 {"expires":"Mon, 01 Jan 1990 00:00:00 GMT","cache-control":"no-cache, no-store, max-age=0, must-revalidate","pragma":"no-cache","date":"Mon, 05 Jul 2021 01:32:44 GMT","content-type":"application/json; charset=utf-8","vary":"X-Origin, Referer, Origin,Accept-Encoding","server":"scaffolding on HTTPServer2","x-xss-protection":"0","x-frame-options":"SAMEORIGIN","x-content-type-options":"nosniff","alt-svc":"h3=\":443\"; ma=2592000,h3-29=\":443\"; ma=2592000,h3-T051=\":443\"; ma=2592000,h3-Q050=\":443\"; ma=2592000,h3-Q046=\":443\"; ma=2592000,h3-Q043=\":443\"; ma=2592000,quic=\":443\"; ma=2592000; v=\"46,43\"","accept-ranges":"none","transfer-encoding":"chunked"}
[debug] [2021-07-05T01:32:44.386Z] >>> HTTP REQUEST POST https://cloudresourcemanager.googleapis.com/v1/projects/linkedin-clone-9e284:testIamPermissions  
 {"permissions":["firebase.projects.get","firebasehosting.sites.update"]}
[debug] [2021-07-05T01:32:45.181Z] <<< HTTP RESPONSE 200 {"content-type":"application/json; charset=UTF-8","vary":"X-Origin, Referer, Origin,Accept-Encoding","date":"Mon, 05 Jul 2021 01:32:45 GMT","server":"ESF","cache-control":"private","x-xss-protection":"0","x-frame-options":"SAMEORIGIN","x-content-type-options":"nosniff","server-timing":"gfet4t7; dur=626","alt-svc":"h3=\":443\"; ma=2592000,h3-29=\":443\"; ma=2592000,h3-T051=\":443\"; ma=2592000,h3-Q050=\":443\"; ma=2592000,h3-Q046=\":443\"; ma=2592000,h3-Q043=\":443\"; ma=2592000,quic=\":443\"; ma=2592000; v=\"46,43\"","accept-ranges":"none","transfer-encoding":"chunked"}
[debug] [2021-07-05T01:32:45.185Z] > refreshing access token with scopes: []
[debug] [2021-07-05T01:32:45.185Z] >>> HTTP REQUEST POST https://www.googleapis.com/oauth2/v3/token  
 <request body omitted>
[debug] [2021-07-05T01:32:45.385Z] <<< HTTP RESPONSE 200 {"cache-control":"no-cache, no-store, max-age=0, must-revalidate","expires":"Mon, 01 Jan 1990 00:00:00 GMT","pragma":"no-cache","date":"Mon, 05 Jul 2021 01:32:45 GMT","content-type":"application/json; charset=utf-8","vary":"X-Origin, Referer, Origin,Accept-Encoding","server":"scaffolding on HTTPServer2","x-xss-protection":"0","x-frame-options":"SAMEORIGIN","x-content-type-options":"nosniff","alt-svc":"h3=\":443\"; ma=2592000,h3-29=\":443\"; ma=2592000,h3-T051=\":443\"; ma=2592000,h3-Q050=\":443\"; ma=2592000,h3-Q046=\":443\"; ma=2592000,h3-Q043=\":443\"; ma=2592000,quic=\":443\"; ma=2592000; v=\"46,43\"","accept-ranges":"none","transfer-encoding":"chunked"}
[debug] [2021-07-05T01:32:45.483Z] >>> [apiv2][query] GET https://firebase.googleapis.com/v1beta1/projects/linkedin-clone-9e284 [none]
[debug] [2021-07-05T01:32:45.870Z] <<< [apiv2][status] GET https://firebase.googleapis.com/v1beta1/projects/linkedin-clone-9e284 200
[debug] [2021-07-05T01:32:45.871Z] <<< [apiv2][body] GET https://firebase.googleapis.com/v1beta1/projects/linkedin-clone-9e284 {"projectId":"linkedin-clone-9e284","projectNumber":"301027583719","displayName":"linkedin-clone","name":"projects/linkedin-clone-9e284","resources":{"hostingSite":"linkedin-clone-9e284","storageBucket":"linkedin-clone-9e284.appspot.com","locationId":"us-central"},"state":"ACTIVE"}
[info] 
[info] === Deploying to 'linkedin-clone-9e284'...
[info] 
[info] i  deploying hosting 
[debug] [2021-07-05T01:32:45.882Z] > refreshing access token with scopes: ["email","https://www.googleapis.com/auth/cloud-platform","https://www.googleapis.com/auth/cloudplatformprojects.readonly","https://www.googleapis.com/auth/firebase","openid"]
[debug] [2021-07-05T01:32:45.882Z] >>> HTTP REQUEST POST https://www.googleapis.com/oauth2/v3/token  
 <request body omitted>
[debug] [2021-07-05T01:32:46.086Z] <<< HTTP RESPONSE 200 {"date":"Mon, 05 Jul 2021 01:32:46 GMT","expires":"Mon, 01 Jan 1990 00:00:00 GMT","cache-control":"no-cache, no-store, max-age=0, must-revalidate","pragma":"no-cache","content-type":"application/json; charset=utf-8","vary":"X-Origin, Referer, Origin,Accept-Encoding","server":"scaffolding on HTTPServer2","x-xss-protection":"0","x-frame-options":"SAMEORIGIN","x-content-type-options":"nosniff","alt-svc":"h3=\":443\"; ma=2592000,h3-29=\":443\"; ma=2592000,h3-T051=\":443\"; ma=2592000,h3-Q050=\":443\"; ma=2592000,h3-Q046=\":443\"; ma=2592000,h3-Q043=\":443\"; ma=2592000,quic=\":443\"; ma=2592000; v=\"46,43\"","accept-ranges":"none","transfer-encoding":"chunked"}
[debug] [2021-07-05T01:32:46.200Z] >>> HTTP REQUEST POST https://firebasehosting.googleapis.com/v1beta1/sites/linkedin-clone-9e284/versions  
 {"config":{"rewrites":[{"glob":"**","path":"/index.html"}]},"labels":{"deployment-tool":"cli-firebase"}}
[debug] [2021-07-05T01:32:47.511Z] <<< HTTP RESPONSE 200 {"content-type":"application/json; charset=UTF-8","vary":"X-Origin, Referer, Origin,Accept-Encoding","date":"Mon, 05 Jul 2021 01:32:47 GMT","server":"ESF","cache-control":"private","x-xss-protection":"0","x-frame-options":"SAMEORIGIN","x-content-type-options":"nosniff","alt-svc":"h3=\":443\"; ma=2592000,h3-29=\":443\"; ma=2592000,h3-T051=\":443\"; ma=2592000,h3-Q050=\":443\"; ma=2592000,h3-Q046=\":443\"; ma=2592000,h3-Q043=\":443\"; ma=2592000,quic=\":443\"; ma=2592000; v=\"46,43\"","accept-ranges":"none","transfer-encoding":"chunked"}
[info] i  hosting[linkedin-clone-9e284]: beginning deploy... 
[info] i  hosting[linkedin-clone-9e284]: found 17 files in build 
[debug] [2021-07-05T01:32:47.571Z] [hosting] hash cache [YnVpbGQ] not populated
[debug] [2021-07-05T01:32:48.700Z] > refreshing access token with scopes: []
[debug] [2021-07-05T01:32:48.700Z] >>> HTTP REQUEST POST https://www.googleapis.com/oauth2/v3/token  
 <request body omitted>
[debug] [2021-07-05T01:32:48.707Z] [hosting] hash cache [YnVpbGQ] stored for 17 files
[debug] [2021-07-05T01:32:48.707Z] [hosting][hash queue][FINAL] {"max":1103,"min":69,"avg":145.35294117647058,"active":0,"complete":17,"success":17,"errored":0,"retried":0,"total":17,"elapsed":1135}
[debug] [2021-07-05T01:32:48.904Z] <<< HTTP RESPONSE 200 {"date":"Mon, 05 Jul 2021 01:32:49 GMT","cache-control":"no-cache, no-store, max-age=0, must-revalidate","expires":"Mon, 01 Jan 1990 00:00:00 GMT","pragma":"no-cache","content-type":"application/json; charset=utf-8","vary":"X-Origin, Referer, Origin,Accept-Encoding","server":"scaffolding on HTTPServer2","x-xss-protection":"0","x-frame-options":"SAMEORIGIN","x-content-type-options":"nosniff","alt-svc":"h3=\":443\"; ma=2592000,h3-29=\":443\"; ma=2592000,h3-T051=\":443\"; ma=2592000,h3-Q050=\":443\"; ma=2592000,h3-Q046=\":443\"; ma=2592000,h3-Q043=\":443\"; ma=2592000,quic=\":443\"; ma=2592000; v=\"46,43\"","accept-ranges":"none","transfer-encoding":"chunked"}
[debug] [2021-07-05T01:32:49.000Z] >>> [apiv2][query] POST https://firebasehosting.googleapis.com/v1beta1/sites/linkedin-clone-9e284/versions/6cc1d0afdad265c3:populateFiles [none]
[debug] [2021-07-05T01:32:49.000Z] >>> [apiv2][body] POST https://firebasehosting.googleapis.com/v1beta1/sites/linkedin-clone-9e284/versions/6cc1d0afdad265c3:populateFiles {"files":{"/asset-manifest.json":"e99b759db7a1500753ac9ff12ecb1e329296f1a3ccb3a9e928225f132f6ec6ba","/favicon.ico":"87aecafb41d21ea93b7af81398237b980c43ee880676c78630ee2d1e9a6d711f","/index.html":"248c3a83b1345b5b78cdcf33bf4cb445bd40491453e1607d4bb9f3e625fb7dd5","/logo192.png":"ebf380e341383bbf65d6a762603f630a9f7610c97f32bd297bc097635bc37ee3","/logo512.png":"c55d034d9cf7abfac7600919cbf4f4ce2f3ea3478df91d01177e8ff136f58918","/manifest.json":"aff3449bdc238776f5d6d967f19ec491b36aed5fb7f23ccff6500736fd58494a","/robots.txt":"5fcd5c559ded0c02b3ed7840ca3ee77e95b798730af98d9f18bc627ac898071e","/static/css/main.547c3927.chunk.css":"e4948dbba84447ef32d9f524e9c2c479c4b3c05f6ef260235185f829cbd4b570","/static/css/main.547c3927.chunk.css.map":"91dd7ffc89a8d6bf0ed54685597ec295106137403eb2242d2fccd43349f54386","/static/js/2.25b6ad43.chunk.js.LICENSE.txt":"2312bad32d362f6d6cf48f54219077fc34f54dcb7eeae10b1a74b95e3a2f5917","/static/js/main.584e6fc3.chunk.js":"5d4d24d8fd078f54e5bbe272d0f4ef5b050fc1800cf8d1c11dda7a2d4ca511d7","/static/js/main.584e6fc3.chunk.js.map":"ae0f8a263f279626fe8ad5a0de92e574da84ed8e7d153d7762ce1dea72c53655","/static/js/runtime-main.f0495309.js":"6b7dc78f55d0deeab2cdcc9f2750641d3210b6296bc50ba8e2e4df696c2a6a63","/static/js/runtime-main.f0495309.js.map":"3b1bb0b8c2b2d0a68fbe1877fa97a5d0e072056654bd933c866bd5c75832efff","/linkedIn_PNG38.png":"4988b1c12b4f833b0048ddfd5adc594ea0efe3e9aaa710e47f4306567b53ae90","/static/js/2.25b6ad43.chunk.js":"5a9f60d41c47e9d76936e4c9de532c1f5e9571e1dfde3eedb1f7d2ed9d56bb8d","/static/js/2.25b6ad43.chunk.js.map":"acfdc841a15e95b0a3eb5705019bbbbab11d17daaafc539b7cb55f4abee6d9e9"}}
[debug] [2021-07-05T01:32:50.089Z] <<< [apiv2][status] POST https://firebasehosting.googleapis.com/v1beta1/sites/linkedin-clone-9e284/versions/6cc1d0afdad265c3:populateFiles 200
[debug] [2021-07-05T01:32:50.089Z] <<< [apiv2][body] POST https://firebasehosting.googleapis.com/v1beta1/sites/linkedin-clone-9e284/versions/6cc1d0afdad265c3:populateFiles {"uploadRequiredHashes":["acfdc841a15e95b0a3eb5705019bbbbab11d17daaafc539b7cb55f4abee6d9e9"],"uploadUrl":"https://upload-firebasehosting.googleapis.com/upload/sites/linkedin-clone-9e284/versions/6cc1d0afdad265c3/files"}
[debug] [2021-07-05T01:32:50.091Z] >>> [apiv2][query] POST https://upload-firebasehosting.googleapis.com/upload/sites/linkedin-clone-9e284/versions/6cc1d0afdad265c3/files/acfdc841a15e95b0a3eb5705019bbbbab11d17daaafc539b7cb55f4abee6d9e9 [none]
[debug] [2021-07-05T01:32:50.091Z] >>> [apiv2][body] POST https://upload-firebasehosting.googleapis.com/upload/sites/linkedin-clone-9e284/versions/6cc1d0afdad265c3/files/acfdc841a15e95b0a3eb5705019bbbbab11d17daaafc539b7cb55f4abee6d9e9 [stream]
[debug] [2021-07-05T01:32:50.094Z] [hosting][populate queue][FINAL] {"max":1392,"min":1392,"avg":1392,"active":0,"complete":1,"success":1,"errored":0,"retried":0,"total":1,"elapsed":1395}
[debug] [2021-07-05T01:32:50.094Z] [hosting] uploads queued: 1
[debug] [2021-07-05T01:34:16.400Z] [uploadQueue] Retrying task acfdc841a15e95b0a3eb5705019bbbbab11d17daaafc539b7cb55f4abee6d9e9
[debug] [2021-07-05T01:34:16.403Z] >>> [apiv2][query] POST https://upload-firebasehosting.googleapis.com/upload/sites/linkedin-clone-9e284/versions/6cc1d0afdad265c3/files/acfdc841a15e95b0a3eb5705019bbbbab11d17daaafc539b7cb55f4abee6d9e9 [none]
[debug] [2021-07-05T01:34:16.404Z] >>> [apiv2][body] POST https://upload-firebasehosting.googleapis.com/upload/sites/linkedin-clone-9e284/versions/6cc1d0afdad265c3/files/acfdc841a15e95b0a3eb5705019bbbbab11d17daaafc539b7cb55f4abee6d9e9 [stream]
[debug] [2021-07-05T01:35:43.108Z] [uploadQueue] Retrying task acfdc841a15e95b0a3eb5705019bbbbab11d17daaafc539b7cb55f4abee6d9e9
[debug] [2021-07-05T01:35:43.109Z] >>> [apiv2][query] POST https://upload-firebasehosting.googleapis.com/upload/sites/linkedin-clone-9e284/versions/6cc1d0afdad265c3/files/acfdc841a15e95b0a3eb5705019bbbbab11d17daaafc539b7cb55f4abee6d9e9 [none]
[debug] [2021-07-05T01:35:43.109Z] >>> [apiv2][body] POST https://upload-firebasehosting.googleapis.com/upload/sites/linkedin-clone-9e284/versions/6cc1d0afdad265c3/files/acfdc841a15e95b0a3eb5705019bbbbab11d17daaafc539b7cb55f4abee6d9e9 [stream]
[debug] [2021-07-05T01:37:10.612Z] [uploadQueue] Retrying task acfdc841a15e95b0a3eb5705019bbbbab11d17daaafc539b7cb55f4abee6d9e9
[debug] [2021-07-05T01:37:10.613Z] >>> [apiv2][query] POST https://upload-firebasehosting.googleapis.com/upload/sites/linkedin-clone-9e284/versions/6cc1d0afdad265c3/files/acfdc841a15e95b0a3eb5705019bbbbab11d17daaafc539b7cb55f4abee6d9e9 [none]
[debug] [2021-07-05T01:37:10.613Z] >>> [apiv2][body] POST https://upload-firebasehosting.googleapis.com/upload/sites/linkedin-clone-9e284/versions/6cc1d0afdad265c3/files/acfdc841a15e95b0a3eb5705019bbbbab11d17daaafc539b7cb55f4abee6d9e9 [stream]
